<?xml version="1.0" encoding="UTF-8"?>
<!-- Generated by org.testng.reporters.JUnitReportReporter -->
<testsuite skipped="0" hostname="dell-PC" name="com.crm.qa.testcases.STHomePageTest" tests="1" failures="0" timestamp="06 Feb 2019 12:59:36 GMT" time="26.414" errors="0">
  <testcase name="selectClientName" time="26.414" classname="com.crm.qa.testcases.STHomePageTest"/>
</testsuite> <!-- com.crm.qa.testcases.STHomePageTest -->
