<?xml version="1.0" encoding="UTF-8"?>
<!-- Generated by org.testng.reporters.JUnitReportReporter -->
<testsuite skipped="0" hostname="dell-PC" name="com.crm.qa.testcases.STHomePageTest" tests="1" failures="0" timestamp="29 Nov 2018 18:32:34 GMT" time="29.796" errors="0">
  <testcase name="selectClientName" time="29.796" classname="com.crm.qa.testcases.STHomePageTest"/>
</testsuite> <!-- com.crm.qa.testcases.STHomePageTest -->
