<?xml version="1.0" encoding="UTF-8"?>
<!-- Generated by org.testng.reporters.JUnitReportReporter -->
<testsuite skipped="0" hostname="dell-PC" name="com.crm.qa.testcases.STLoginPageTest" tests="2" failures="0" timestamp="06 Feb 2019 12:54:12 GMT" time="22.205" errors="0">
  <testcase name="stLoginPageTestTitle" time="7.048" classname="com.crm.qa.testcases.STLoginPageTest"/>
  <testcase name="stLoginTest" time="15.157" classname="com.crm.qa.testcases.STLoginPageTest"/>
</testsuite> <!-- com.crm.qa.testcases.STLoginPageTest -->
