<?xml version="1.0" encoding="UTF-8"?>
<!-- Generated by org.testng.reporters.JUnitReportReporter -->
<testsuite skipped="0" hostname="dell-PC" name="com.crm.qa.testcases.STLoginPageTest" tests="2" failures="0" timestamp="27 Nov 2018 17:52:01 GMT" time="16.895" errors="0">
  <testcase name="stLoginTest" time="9.574" classname="com.crm.qa.testcases.STLoginPageTest"/>
  <testcase name="stLoginPageTestTitle" time="7.321" classname="com.crm.qa.testcases.STLoginPageTest"/>
</testsuite> <!-- com.crm.qa.testcases.STLoginPageTest -->
