<?xml version="1.0" encoding="UTF-8"?>
<!-- Generated by org.testng.reporters.JUnitReportReporter -->
<testsuite skipped="0" hostname="dell-PC" name="com.crm.qa.testcases.DemoLoginPageTest" tests="2" failures="0" timestamp="02 Dec 2018 06:35:24 GMT" time="20.564" errors="0">
  <testcase name="loginPageTitle" time="5.349" classname="com.crm.qa.testcases.DemoLoginPageTest"/>
  <testcase name="signup" time="15.215" classname="com.crm.qa.testcases.DemoLoginPageTest"/>
</testsuite> <!-- com.crm.qa.testcases.DemoLoginPageTest -->
